<?xml version="1.0" encoding="UTF-8"?>
<testsuite xmlns:xsi="http://www.w3.org/2001/XMLSchema-instance" xsi:noNamespaceSchemaLocation="https://maven.apache.org/surefire/maven-surefire-plugin/xsd/surefire-test-report-3.0.xsd" version="3.0" name="com.bancoprogramacao.api.util.CheckDigitCalculatorTest" time="0.099" tests="3" errors="0" skipped="0" failures="0">
  <properties>
[...]
</properties>
  <testcase name="shouldCalculateDigitForASecondAccount" classname="com.bancoprogramacao.api.util.CheckDigitCalculatorTest" time="0.045"/>
  <testcase name="shouldCalculateTheDigitFromTheAssignmentExample" classname="com.bancoprogramacao.api.util.CheckDigitCalculatorTest" time="0.007"/>
  <testcase name="shouldRejectAccountNumbersOutsideTheAllowedRange" classname="com.bancoprogramacao.api.util.CheckDigitCalculatorTest" time="0.006"/>
</testsuite>